#
# A fatal error has been detected by the Java Runtime Environment:
#
#  EXCEPTION_ACCESS_VIOLATION (0xc0000005) at pc=0x000007fede351155, pid=1296, tid=4568
#
# JRE version: OpenJDK Runtime Environment (14.0.2+12) (build 14.0.2+12-46)
# Java VM: OpenJDK 64-Bit Server VM (14.0.2+12-46, mixed mode, tiered, compressed oops, g1 gc, windows-amd64)
# Problematic frame:
# V  [jvm.dll+0x5a1155]
#
# No core dump will be written. Minidumps are not enabled by default on client versions of Windows
#
# If you would like to submit a bug report, please visit:
#   https://bugreport.java.com/bugreport/crash.jsp
#

---------------  S U M M A R Y ------------

Command Line: -XX:+ShowCodeDetailsInExceptionMessages -agentlib:jdwp=transport=dt_socket,suspend=y,address=localhost:51848 -javaagent:C:\Users\user1\eclipse\java-2020-09\eclipse\configuration\org.eclipse.osgi\215\0\.cp\lib\javaagent-shaded.jar -Dfile.encoding=MS949 classPM_self.Ex01

Host: Intel(R) Core(TM) i3-4160 CPU @ 3.60GHz, 4 cores, 7G,  Windows 7 , 64 bit Build 7601 (6.1.7601.24545)
Time: Tue Oct 20 16:44:37 2020 ¢¥eCN©öI¡¾©ö C¡ÍA¨ª¨öA elapsed time: 288 seconds (0d 0h 4m 48s)

---------------  T H R E A D  ---------------

Current thread (0x000000005da40000):  VMThread "VM Thread" [stack: 0x000000001ce70000,0x000000001cf70000] [id=4568]

Stack: [0x000000001ce70000,0x000000001cf70000],  sp=0x000000001cf6f0c8,  free space=1020k
Native frames: (J=compiled Java code, j=interpreted, Vv=VM code, C=native code)
V  [jvm.dll+0x5a1155]


siginfo: EXCEPTION_ACCESS_VIOLATION (0xc0000005), reading address 0x000007b2de63b898


Register to memory mapping:

RIP=0x000007fede351155 jvm.dll
RAX=0x000007b2de63b830 is an unknown value
RBX=0x0 is NULL
RCX=0x00000000601382b8 is pointing into metadata
RDX=0x0000000000358801 points into unknown readable memory: ab 65 de fe 07 00 00
RSP=0x000000001cf6f0c8 points into unknown readable memory: 2a 20 4b de fe 07 00 00
RBP=0x000007fede351150 jvm.dll
RSI=0x0000000000358800 is a thread
RDI=0x0 is NULL
R8 =0x0000000082907d01 points into unknown readable memory: 00 00 00 00 00 00 00
R9 =0x000000001cf6f340 points into unknown readable memory: 30 0d ce 1c 00 00 00 00
R10=0x0 is NULL
R11=0x000000001cf6f280 points into unknown readable memory: 90 f3 f6 1c 00 00 00 00
R12=0x000007fede5bc720 jvm.dll
R13=0x000007fede8361d0 jvm.dll
R14=0x000000001cce1108 points into unknown readable memory: 6c 92 dd 71 37 14 10 08
R15=0x00000000000003d8 is an unknown value


Registers:
RAX=0x000007b2de63b830, RBX=0x0000000000000000, RCX=0x00000000601382b8, RDX=0x0000000000358801
RSP=0x000000001cf6f0c8, RBP=0x000007fede351150, RSI=0x0000000000358800, RDI=0x0000000000000000
R8 =0x0000000082907d01, R9 =0x000000001cf6f340, R10=0x0000000000000000, R11=0x000000001cf6f280
R12=0x000007fede5bc720, R13=0x000007fede8361d0, R14=0x000000001cce1108, R15=0x00000000000003d8
RIP=0x000007fede351155, EFLAGS=0x0000000000010206

Top of Stack: (sp=0x000000001cf6f0c8)
0x000000001cf6f0c8:   000007fede4b202a 0000000000000000
0x000000001cf6f0d8:   0000000000000000 0000000000000000
0x000000001cf6f0e8:   0000000000000000 000000001cf6f180
0x000000001cf6f0f8:   000007fede4b41c0 000000005e8d1790
0x000000001cf6f108:   0000000000000000 000000000000000e
0x000000001cf6f118:   000007fede51ea76 000000001cf6f180
0x000000001cf6f128:   000007fede4b8077 0000000000000001
0x000000001cf6f138:   000000001cce0d30 0000000000000001
0x000000001cf6f148:   0000000000363380 000000001cf6f280
0x000000001cf6f158:   000007fede4b46df 0000000000000001
0x000000001cf6f168:   0000000000000001 000000001cf6f258
0x000000001cf6f178:   000007fede67a9e0 000007fede65bde0
0x000000001cf6f188:   000007fede351150 0000000000000000
0x000000001cf6f198:   000007fede350fe5 0000000000000000
0x000000001cf6f1a8:   0000000000000000 0000000000000001
0x000000001cf6f1b8:   0000000000000000 000000001cce0d20 

Instructions: (pc=0x000007fede351155)
0x000007fede351055:   cc cc cc cc cc cc cc cc cc cc cc 48 89 5c 24 18
0x000007fede351065:   55 48 83 ec 20 48 8b 1d 5f 3f 4b 00 48 85 db 74
0x000007fede351075:   17 48 8b 05 43 3f 4b 00 48 89 83 08 02 00 00 48
0x000007fede351085:   89 1d 35 3f 4b 00 eb 07 48 8b 1d 2c 3f 4b 00 33
0x000007fede351095:   ed 48 89 2d 33 3f 4b 00 48 85 db 74 7e 48 89 74
0x000007fede3510a5:   24 30 48 89 7c 24 38 0f 1f 40 00 48 8b b3 00 02
0x000007fede3510b5:   00 00 48 8b fd 48 2b f3 48 c1 ee 03 48 85 f6 74
0x000007fede3510c5:   1e 66 66 0f 1f 84 00 00 00 00 00 48 8b 0c fb 33
0x000007fede3510d5:   d2 48 8b 01 ff 50 68 48 ff c7 48 3b fe 72 ec 48
0x000007fede3510e5:   8b 8b 08 02 00 00 48 89 ab 08 02 00 00 48 89 9b
0x000007fede3510f5:   00 02 00 00 48 8b 05 c8 3e 4b 00 48 89 83 10 02
0x000007fede351105:   00 00 48 89 1d ba 3e 4b 00 48 8b d9 48 85 c9 75
0x000007fede351115:   9a 48 8b 7c 24 38 48 8b 74 24 30 48 8b 5c 24 40
0x000007fede351125:   48 89 2d 94 3e 4b 00 48 83 c4 20 5d c3 cc cc cc
0x000007fede351135:   cc cc cc cc cc cc cc cc cc cc cc 48 8b 02 48 8b
0x000007fede351145:   ca b2 01 48 ff 60 68 cc cc cc cc 48 8b 01 b2 01
0x000007fede351155:   48 ff 60 68 cc cc cc cc cc cc cc 40 53 48 83 ec
0x000007fede351165:   20 48 8b 15 63 3e 4b 00 48 8b d9 48 85 d2 74 21
0x000007fede351175:   48 8d 82 00 02 00 00 48 39 00 75 72 48 8b 05 38
0x000007fede351185:   3e 4b 00 48 89 82 08 02 00 00 48 89 15 2a 3e 4b
0x000007fede351195:   00 48 8b 15 2b 3e 4b 00 48 85 d2 74 10 48 8b 82
0x000007fede3511a5:   10 02 00 00 48 89 05 18 3e 4b 00 eb 3a 45 33 c0
0x000007fede3511b5:   b9 18 02 00 00 41 8d 50 08 e8 ad 18 b0 ff 48 8b
0x000007fede3511c5:   d0 48 85 c0 74 1f 48 89 80 00 02 00 00 48 c7 80
0x000007fede3511d5:   08 02 00 00 00 00 00 00 48 c7 80 10 02 00 00 00
0x000007fede3511e5:   00 00 00 eb 02 33 d2 48 89 15 dd 3d 4b 00 48 8b
0x000007fede3511f5:   82 00 02 00 00 48 89 18 48 83 82 00 02 00 00 08
0x000007fede351205:   48 83 c4 20 5b c3 cc cc cc cc cc 48 89 4c 24 08
0x000007fede351215:   48 89 54 24 10 4c 89 44 24 18 4c 89 4c 24 20 48
0x000007fede351225:   83 ec 28 4c 8b c1 4c 8d 4c 24 38 48 8d 0d c9 dc
0x000007fede351235:   49 00 ba 01 00 00 00 e8 bf a3 f5 ff 48 83 c4 28
0x000007fede351245:   c3 cc cc cc cc cc cc cc cc cc cc 48 89 5c 24 08 


Stack slot to memory mapping:
stack at sp + 0 slots: 0x000007fede4b202a jvm.dll
stack at sp + 1 slots: 0x0 is NULL
stack at sp + 2 slots: 0x0 is NULL
stack at sp + 3 slots: 0x0 is NULL
stack at sp + 4 slots: 0x0 is NULL
stack at sp + 5 slots: 0x000000001cf6f180 points into unknown readable memory: e0 bd 65 de fe 07 00 00
stack at sp + 6 slots: 0x000007fede4b41c0 jvm.dll
stack at sp + 7 slots: 0x000000005e8d1790 points into unknown readable memory: 00 88 35 00 00 00 00 00

VM_Operation (0x000000005f59f590): RedefineClasses, mode: safepoint, requested by thread 0x000000005e9ae000


---------------  P R O C E S S  ---------------

Threads class SMR info:
_java_thread_list=0x000000005eb1e700, length=14, elements={
0x0000000000358800, 0x000000005da51800, 0x000000005da5d800, 0x000000005daa4000,
0x000000005daa6000, 0x000000005daa8000, 0x000000005daae000, 0x000000005daaf800,
0x000000005dabd000, 0x000000005d9ec000, 0x000000005e9ae000, 0x000000005e9b7000,
0x000000005e9b9800, 0x000000005eb45000
}

Java Threads: ( => current thread )
  0x0000000000358800 JavaThread "main" [_thread_blocked, id=5092, stack(0x0000000002100000,0x0000000002200000)]
  0x000000005da51800 JavaThread "Reference Handler" daemon [_thread_blocked, id=2476, stack(0x000000005db90000,0x000000005dc90000)]
  0x000000005da5d800 JavaThread "Finalizer" daemon [_thread_blocked, id=4440, stack(0x000000005dd10000,0x000000005de10000)]
  0x000000005daa4000 JavaThread "Signal Dispatcher" daemon [_thread_blocked, id=3116, stack(0x000000005dff0000,0x000000005e0f0000)]
  0x000000005daa6000 JavaThread "Attach Listener" daemon [_thread_blocked, id=1584, stack(0x000000005deb0000,0x000000005dfb0000)]
  0x000000005daa8000 JavaThread "Service Thread" daemon [_thread_blocked, id=972, stack(0x000000005e2d0000,0x000000005e3d0000)]
  0x000000005daae000 JavaThread "C2 CompilerThread0" daemon [_thread_blocked, id=3140, stack(0x000000005e0f0000,0x000000005e1f0000)]
  0x000000005daaf800 JavaThread "C1 CompilerThread0" daemon [_thread_blocked, id=4128, stack(0x000000005e3d0000,0x000000005e4d0000)]
  0x000000005dabd000 JavaThread "Sweeper thread" daemon [_thread_blocked, id=4468, stack(0x000000005e650000,0x000000005e750000)]
  0x000000005d9ec000 JavaThread "Common-Cleaner" daemon [_thread_blocked, id=1128, stack(0x000000005ebe0000,0x000000005ece0000)]
  0x000000005e9ae000 JavaThread "JDWP Transport Listener: dt_socket" daemon [_thread_blocked, id=4152, stack(0x000000005f4a0000,0x000000005f5a0000)]
  0x000000005e9b7000 JavaThread "JDWP Event Helper Thread" daemon [_thread_blocked, id=3048, stack(0x000000005f2f0000,0x000000005f3f0000)]
  0x000000005e9b9800 JavaThread "JDWP Command Reader" daemon [_thread_in_native, id=4788, stack(0x000000005f670000,0x000000005f770000)]
  0x000000005eb45000 JavaThread "Notification Thread" daemon [_thread_blocked, id=3428, stack(0x000000005ef10000,0x000000005f010000)]

Other Threads:
=>0x000000005da40000 VMThread "VM Thread" [stack: 0x000000001ce70000,0x000000001cf70000] [id=4568]
  0x000000005f7bf000 WatcherThread [stack: 0x0000000060020000,0x0000000060120000] [id=484]
  0x000000000039e000 GCTaskThread "GC Thread#0" [stack: 0x000000001a590000,0x000000001a690000] [id=4020]
  0x00000000003af800 ConcurrentGCThread "G1 Main Marker" [stack: 0x000000001a7c0000,0x000000001a8c0000] [id=2676]
  0x00000000003b0800 ConcurrentGCThread "G1 Conc#0" [stack: 0x000000001a6a0000,0x000000001a7a0000] [id=4092]
  0x000000001cc45800 ConcurrentGCThread "G1 Refine#0" [stack: 0x000000001cd40000,0x000000001ce40000] [id=4452]
  0x000000001cc48800 ConcurrentGCThread "G1 Young RemSet Sampling" [stack: 0x000000001d010000,0x000000001d110000] [id=4224]

Threads with active compile tasks:

VM state:at safepoint (normal execution)

VM Mutex/Monitor currently owned by a thread:  ([mutex/lock_event])
[0x0000000000353a40] Threads_lock - owner thread: 0x000000005da40000

Heap address: 0x0000000082000000, size: 2016 MB, Compressed Oops mode: 32-bit
Narrow klass base: 0x0000000000000000, Narrow klass shift: 0
Compressed class space size: 1073741824 Address: 0x000000001d110000

Heap:
 garbage-first heap   total 129024K, used 4096K [0x0000000082000000, 0x0000000100000000)
  region size 1024K, 5 young (5120K), 0 survivors (0K)
 Metaspace       used 9019K, capacity 9160K, committed 9344K, reserved 1058816K
  class space    used 800K, capacity 836K, committed 896K, reserved 1048576K
Heap Regions: E=young(eden), S=young(survivor), O=old, HS=humongous(starts), HC=humongous(continues), CS=collection set, F=free, OA=open archive, CA=closed archive, TAMS=top-at-mark-start (previous, next)
|   0|0x0000000082000000, 0x0000000082000000, 0x0000000082100000|  0%| F|  |TAMS 0x0000000082000000, 0x0000000082000000| Untracked 
|   1|0x0000000082100000, 0x0000000082100000, 0x0000000082200000|  0%| F|  |TAMS 0x0000000082100000, 0x0000000082100000| Untracked 
|   2|0x0000000082200000, 0x0000000082200000, 0x0000000082300000|  0%| F|  |TAMS 0x0000000082200000, 0x0000000082200000| Untracked 
|   3|0x0000000082300000, 0x0000000082300000, 0x0000000082400000|  0%| F|  |TAMS 0x0000000082300000, 0x0000000082300000| Untracked 
|   4|0x0000000082400000, 0x0000000082400000, 0x0000000082500000|  0%| F|  |TAMS 0x0000000082400000, 0x0000000082400000| Untracked 
|   5|0x0000000082500000, 0x0000000082500000, 0x0000000082600000|  0%| F|  |TAMS 0x0000000082500000, 0x0000000082500000| Untracked 
|   6|0x0000000082600000, 0x0000000082600000, 0x0000000082700000|  0%| F|  |TAMS 0x0000000082600000, 0x0000000082600000| Untracked 
|   7|0x0000000082700000, 0x0000000082700000, 0x0000000082800000|  0%| F|  |TAMS 0x0000000082700000, 0x0000000082700000| Untracked 
|   8|0x0000000082800000, 0x0000000082800000, 0x0000000082900000|  0%| F|  |TAMS 0x0000000082800000, 0x0000000082800000| Untracked 
|   9|0x0000000082900000, 0x0000000082900000, 0x0000000082a00000|  0%| F|  |TAMS 0x0000000082900000, 0x0000000082900000| Untracked 
|  10|0x0000000082a00000, 0x0000000082a00000, 0x0000000082b00000|  0%| F|  |TAMS 0x0000000082a00000, 0x0000000082a00000| Untracked 
|  11|0x0000000082b00000, 0x0000000082b00000, 0x0000000082c00000|  0%| F|  |TAMS 0x0000000082b00000, 0x0000000082b00000| Untracked 
|  12|0x0000000082c00000, 0x0000000082c00000, 0x0000000082d00000|  0%| F|  |TAMS 0x0000000082c00000, 0x0000000082c00000| Untracked 
|  13|0x0000000082d00000, 0x0000000082d00000, 0x0000000082e00000|  0%| F|  |TAMS 0x0000000082d00000, 0x0000000082d00000| Untracked 
|  14|0x0000000082e00000, 0x0000000082e00000, 0x0000000082f00000|  0%| F|  |TAMS 0x0000000082e00000, 0x0000000082e00000| Untracked 
|  15|0x0000000082f00000, 0x0000000082f00000, 0x0000000083000000|  0%| F|  |TAMS 0x0000000082f00000, 0x0000000082f00000| Untracked 
|  16|0x0000000083000000, 0x0000000083000000, 0x0000000083100000|  0%| F|  |TAMS 0x0000000083000000, 0x0000000083000000| Untracked 
|  17|0x0000000083100000, 0x0000000083100000, 0x0000000083200000|  0%| F|  |TAMS 0x0000000083100000, 0x0000000083100000| Untracked 
|  18|0x0000000083200000, 0x0000000083200000, 0x0000000083300000|  0%| F|  |TAMS 0x0000000083200000, 0x0000000083200000| Untracked 
|  19|0x0000000083300000, 0x0000000083300000, 0x0000000083400000|  0%| F|  |TAMS 0x0000000083300000, 0x0000000083300000| Untracked 
|  20|0x0000000083400000, 0x0000000083400000, 0x0000000083500000|  0%| F|  |TAMS 0x0000000083400000, 0x0000000083400000| Untracked 
|  21|0x0000000083500000, 0x0000000083500000, 0x0000000083600000|  0%| F|  |TAMS 0x0000000083500000, 0x0000000083500000| Untracked 
|  22|0x0000000083600000, 0x0000000083600000, 0x0000000083700000|  0%| F|  |TAMS 0x0000000083600000, 0x0000000083600000| Untracked 
|  23|0x0000000083700000, 0x0000000083700000, 0x0000000083800000|  0%| F|  |TAMS 0x0000000083700000, 0x0000000083700000| Untracked 
|  24|0x0000000083800000, 0x0000000083800000, 0x0000000083900000|  0%| F|  |TAMS 0x0000000083800000, 0x0000000083800000| Untracked 
|  25|0x0000000083900000, 0x0000000083900000, 0x0000000083a00000|  0%| F|  |TAMS 0x0000000083900000, 0x0000000083900000| Untracked 
|  26|0x0000000083a00000, 0x0000000083a00000, 0x0000000083b00000|  0%| F|  |TAMS 0x0000000083a00000, 0x0000000083a00000| Untracked 
|  27|0x0000000083b00000, 0x0000000083b00000, 0x0000000083c00000|  0%| F|  |TAMS 0x0000000083b00000, 0x0000000083b00000| Untracked 
|  28|0x0000000083c00000, 0x0000000083c00000, 0x0000000083d00000|  0%| F|  |TAMS 0x0000000083c00000, 0x0000000083c00000| Untracked 
|  29|0x0000000083d00000, 0x0000000083d00000, 0x0000000083e00000|  0%| F|  |TAMS 0x0000000083d00000, 0x0000000083d00000| Untracked 
|  30|0x0000000083e00000, 0x0000000083e00000, 0x0000000083f00000|  0%| F|  |TAMS 0x0000000083e00000, 0x0000000083e00000| Untracked 
|  31|0x0000000083f00000, 0x0000000083f00000, 0x0000000084000000|  0%| F|  |TAMS 0x0000000083f00000, 0x0000000083f00000| Untracked 
|  32|0x0000000084000000, 0x0000000084000000, 0x0000000084100000|  0%| F|  |TAMS 0x0000000084000000, 0x0000000084000000| Untracked 
|  33|0x0000000084100000, 0x0000000084100000, 0x0000000084200000|  0%| F|  |TAMS 0x0000000084100000, 0x0000000084100000| Untracked 
|  34|0x0000000084200000, 0x0000000084200000, 0x0000000084300000|  0%| F|  |TAMS 0x0000000084200000, 0x0000000084200000| Untracked 
|  35|0x0000000084300000, 0x0000000084300000, 0x0000000084400000|  0%| F|  |TAMS 0x0000000084300000, 0x0000000084300000| Untracked 
|  36|0x0000000084400000, 0x0000000084400000, 0x0000000084500000|  0%| F|  |TAMS 0x0000000084400000, 0x0000000084400000| Untracked 
|  37|0x0000000084500000, 0x0000000084500000, 0x0000000084600000|  0%| F|  |TAMS 0x0000000084500000, 0x0000000084500000| Untracked 
|  38|0x0000000084600000, 0x0000000084600000, 0x0000000084700000|  0%| F|  |TAMS 0x0000000084600000, 0x0000000084600000| Untracked 
|  39|0x0000000084700000, 0x0000000084700000, 0x0000000084800000|  0%| F|  |TAMS 0x0000000084700000, 0x0000000084700000| Untracked 
|  40|0x0000000084800000, 0x0000000084800000, 0x0000000084900000|  0%| F|  |TAMS 0x0000000084800000, 0x0000000084800000| Untracked 
|  41|0x0000000084900000, 0x0000000084900000, 0x0000000084a00000|  0%| F|  |TAMS 0x0000000084900000, 0x0000000084900000| Untracked 
|  42|0x0000000084a00000, 0x0000000084a00000, 0x0000000084b00000|  0%| F|  |TAMS 0x0000000084a00000, 0x0000000084a00000| Untracked 
|  43|0x0000000084b00000, 0x0000000084b00000, 0x0000000084c00000|  0%| F|  |TAMS 0x0000000084b00000, 0x0000000084b00000| Untracked 
|  44|0x0000000084c00000, 0x0000000084c00000, 0x0000000084d00000|  0%| F|  |TAMS 0x0000000084c00000, 0x0000000084c00000| Untracked 
|  45|0x0000000084d00000, 0x0000000084d00000, 0x0000000084e00000|  0%| F|  |TAMS 0x0000000084d00000, 0x0000000084d00000| Untracked 
|  46|0x0000000084e00000, 0x0000000084e00000, 0x0000000084f00000|  0%| F|  |TAMS 0x0000000084e00000, 0x0000000084e00000| Untracked 
|  47|0x0000000084f00000, 0x0000000084f00000, 0x0000000085000000|  0%| F|  |TAMS 0x0000000084f00000, 0x0000000084f00000| Untracked 
|  48|0x0000000085000000, 0x0000000085000000, 0x0000000085100000|  0%| F|  |TAMS 0x0000000085000000, 0x0000000085000000| Untracked 
|  49|0x0000000085100000, 0x0000000085100000, 0x0000000085200000|  0%| F|  |TAMS 0x0000000085100000, 0x0000000085100000| Untracked 
|  50|0x0000000085200000, 0x0000000085200000, 0x0000000085300000|  0%| F|  |TAMS 0x0000000085200000, 0x0000000085200000| Untracked 
|  51|0x0000000085300000, 0x0000000085300000, 0x0000000085400000|  0%| F|  |TAMS 0x0000000085300000, 0x0000000085300000| Untracked 
|  52|0x0000000085400000, 0x0000000085400000, 0x0000000085500000|  0%| F|  |TAMS 0x0000000085400000, 0x0000000085400000| Untracked 
|  53|0x0000000085500000, 0x0000000085500000, 0x0000000085600000|  0%| F|  |TAMS 0x0000000085500000, 0x0000000085500000| Untracked 
|  54|0x0000000085600000, 0x0000000085600000, 0x0000000085700000|  0%| F|  |TAMS 0x0000000085600000, 0x0000000085600000| Untracked 
|  55|0x0000000085700000, 0x0000000085700000, 0x0000000085800000|  0%| F|  |TAMS 0x0000000085700000, 0x0000000085700000| Untracked 
|  56|0x0000000085800000, 0x0000000085800000, 0x0000000085900000|  0%| F|  |TAMS 0x0000000085800000, 0x0000000085800000| Untracked 
|  57|0x0000000085900000, 0x0000000085900000, 0x0000000085a00000|  0%| F|  |TAMS 0x0000000085900000, 0x0000000085900000| Untracked 
|  58|0x0000000085a00000, 0x0000000085a00000, 0x0000000085b00000|  0%| F|  |TAMS 0x0000000085a00000, 0x0000000085a00000| Untracked 
|  59|0x0000000085b00000, 0x0000000085b00000, 0x0000000085c00000|  0%| F|  |TAMS 0x0000000085b00000, 0x0000000085b00000| Untracked 
|  60|0x0000000085c00000, 0x0000000085c00000, 0x0000000085d00000|  0%| F|  |TAMS 0x0000000085c00000, 0x0000000085c00000| Untracked 
|  61|0x0000000085d00000, 0x0000000085d00000, 0x0000000085e00000|  0%| F|  |TAMS 0x0000000085d00000, 0x0000000085d00000| Untracked 
|  62|0x0000000085e00000, 0x0000000085e00000, 0x0000000085f00000|  0%| F|  |TAMS 0x0000000085e00000, 0x0000000085e00000| Untracked 
|  63|0x0000000085f00000, 0x0000000085f00000, 0x0000000086000000|  0%| F|  |TAMS 0x0000000085f00000, 0x0000000085f00000| Untracked 
|  64|0x0000000086000000, 0x0000000086000000, 0x0000000086100000|  0%| F|  |TAMS 0x0000000086000000, 0x0000000086000000| Untracked 
|  65|0x0000000086100000, 0x0000000086100000, 0x0000000086200000|  0%| F|  |TAMS 0x0000000086100000, 0x0000000086100000| Untracked 
|  66|0x0000000086200000, 0x0000000086200000, 0x0000000086300000|  0%| F|  |TAMS 0x0000000086200000, 0x0000000086200000| Untracked 
|  67|0x0000000086300000, 0x0000000086300000, 0x0000000086400000|  0%| F|  |TAMS 0x0000000086300000, 0x0000000086300000| Untracked 
|  68|0x0000000086400000, 0x0000000086400000, 0x0000000086500000|  0%| F|  |TAMS 0x0000000086400000, 0x0000000086400000| Untracked 
|  69|0x0000000086500000, 0x0000000086500000, 0x0000000086600000|  0%| F|  |TAMS 0x0000000086500000, 0x0000000086500000| Untracked 
|  70|0x0000000086600000, 0x0000000086600000, 0x0000000086700000|  0%| F|  |TAMS 0x0000000086600000, 0x0000000086600000| Untracked 
|  71|0x0000000086700000, 0x0000000086700000, 0x0000000086800000|  0%| F|  |TAMS 0x0000000086700000, 0x0000000086700000| Untracked 
|  72|0x0000000086800000, 0x0000000086800000, 0x0000000086900000|  0%| F|  |TAMS 0x0000000086800000, 0x0000000086800000| Untracked 
|  73|0x0000000086900000, 0x0000000086900000, 0x0000000086a00000|  0%| F|  |TAMS 0x0000000086900000, 0x0000000086900000| Untracked 
|  74|0x0000000086a00000, 0x0000000086a00000, 0x0000000086b00000|  0%| F|  |TAMS 0x0000000086a00000, 0x0000000086a00000| Untracked 
|  75|0x0000000086b00000, 0x0000000086b00000, 0x0000000086c00000|  0%| F|  |TAMS 0x0000000086b00000, 0x0000000086b00000| Untracked 
|  76|0x0000000086c00000, 0x0000000086c00000, 0x0000000086d00000|  0%| F|  |TAMS 0x0000000086c00000, 0x0000000086c00000| Untracked 
|  77|0x0000000086d00000, 0x0000000086d00000, 0x0000000086e00000|  0%| F|  |TAMS 0x0000000086d00000, 0x0000000086d00000| Untracked 
|  78|0x0000000086e00000, 0x0000000086e00000, 0x0000000086f00000|  0%| F|  |TAMS 0x0000000086e00000, 0x0000000086e00000| Untracked 
|  79|0x0000000086f00000, 0x0000000086f00000, 0x0000000087000000|  0%| F|  |TAMS 0x0000000086f00000, 0x0000000086f00000| Untracked 
|  80|0x0000000087000000, 0x0000000087000000, 0x0000000087100000|  0%| F|  |TAMS 0x0000000087000000, 0x0000000087000000| Untracked 
|  81|0x0000000087100000, 0x0000000087100000, 0x0000000087200000|  0%| F|  |TAMS 0x0000000087100000, 0x0000000087100000| Untracked 
|  82|0x0000000087200000, 0x0000000087200000, 0x0000000087300000|  0%| F|  |TAMS 0x0000000087200000, 0x0000000087200000| Untracked 
|  83|0x0000000087300000, 0x0000000087300000, 0x0000000087400000|  0%| F|  |TAMS 0x0000000087300000, 0x0000000087300000| Untracked 
|  84|0x0000000087400000, 0x0000000087400000, 0x0000000087500000|  0%| F|  |TAMS 0x0000000087400000, 0x0000000087400000| Untracked 
|  85|0x0000000087500000, 0x0000000087500000, 0x0000000087600000|  0%| F|  |TAMS 0x0000000087500000, 0x0000000087500000| Untracked 
|  86|0x0000000087600000, 0x0000000087600000, 0x0000000087700000|  0%| F|  |TAMS 0x0000000087600000, 0x0000000087600000| Untracked 
|  87|0x0000000087700000, 0x0000000087700000, 0x0000000087800000|  0%| F|  |TAMS 0x0000000087700000, 0x0000000087700000| Untracked 
|  88|0x0000000087800000, 0x0000000087800000, 0x0000000087900000|  0%| F|  |TAMS 0x0000000087800000, 0x0000000087800000| Untracked 
|  89|0x0000000087900000, 0x0000000087900000, 0x0000000087a00000|  0%| F|  |TAMS 0x0000000087900000, 0x0000000087900000| Untracked 
|  90|0x0000000087a00000, 0x0000000087a00000, 0x0000000087b00000|  0%| F|  |TAMS 0x0000000087a00000, 0x0000000087a00000| Untracked 
|  91|0x0000000087b00000, 0x0000000087b00000, 0x0000000087c00000|  0%| F|  |TAMS 0x0000000087b00000, 0x0000000087b00000| Untracked 
|  92|0x0000000087c00000, 0x0000000087c00000, 0x0000000087d00000|  0%| F|  |TAMS 0x0000000087c00000, 0x0000000087c00000| Untracked 
|  93|0x0000000087d00000, 0x0000000087d00000, 0x0000000087e00000|  0%| F|  |TAMS 0x0000000087d00000, 0x0000000087d00000| Untracked 
|  94|0x0000000087e00000, 0x0000000087e00000, 0x0000000087f00000|  0%| F|  |TAMS 0x0000000087e00000, 0x0000000087e00000| Untracked 
|  95|0x0000000087f00000, 0x0000000087f00000, 0x0000000088000000|  0%| F|  |TAMS 0x0000000087f00000, 0x0000000087f00000| Untracked 
|  96|0x0000000088000000, 0x0000000088000000, 0x0000000088100000|  0%| F|  |TAMS 0x0000000088000000, 0x0000000088000000| Untracked 
|  97|0x0000000088100000, 0x0000000088100000, 0x0000000088200000|  0%| F|  |TAMS 0x0000000088100000, 0x0000000088100000| Untracked 
|  98|0x0000000088200000, 0x0000000088200000, 0x0000000088300000|  0%| F|  |TAMS 0x0000000088200000, 0x0000000088200000| Untracked 
|  99|0x0000000088300000, 0x0000000088300000, 0x0000000088400000|  0%| F|  |TAMS 0x0000000088300000, 0x0000000088300000| Untracked 
| 100|0x0000000088400000, 0x0000000088400000, 0x0000000088500000|  0%| F|  |TAMS 0x0000000088400000, 0x0000000088400000| Untracked 
| 101|0x0000000088500000, 0x0000000088500000, 0x0000000088600000|  0%| F|  |TAMS 0x0000000088500000, 0x0000000088500000| Untracked 
| 102|0x0000000088600000, 0x0000000088600000, 0x0000000088700000|  0%| F|  |TAMS 0x0000000088600000, 0x0000000088600000| Untracked 
| 103|0x0000000088700000, 0x0000000088700000, 0x0000000088800000|  0%| F|  |TAMS 0x0000000088700000, 0x0000000088700000| Untracked 
| 104|0x0000000088800000, 0x0000000088800000, 0x0000000088900000|  0%| F|  |TAMS 0x0000000088800000, 0x0000000088800000| Untracked 
| 105|0x0000000088900000, 0x0000000088900000, 0x0000000088a00000|  0%| F|  |TAMS 0x0000000088900000, 0x0000000088900000| Untracked 
| 106|0x0000000088a00000, 0x0000000088a00000, 0x0000000088b00000|  0%| F|  |TAMS 0x0000000088a00000, 0x0000000088a00000| Untracked 
| 107|0x0000000088b00000, 0x0000000088b00000, 0x0000000088c00000|  0%| F|  |TAMS 0x0000000088b00000, 0x0000000088b00000| Untracked 
| 108|0x0000000088c00000, 0x0000000088c00000, 0x0000000088d00000|  0%| F|  |TAMS 0x0000000088c00000, 0x0000000088c00000| Untracked 
| 109|0x0000000088d00000, 0x0000000088d00000, 0x0000000088e00000|  0%| F|  |TAMS 0x0000000088d00000, 0x0000000088d00000| Untracked 
| 110|0x0000000088e00000, 0x0000000088e00000, 0x0000000088f00000|  0%| F|  |TAMS 0x0000000088e00000, 0x0000000088e00000| Untracked 
| 111|0x0000000088f00000, 0x0000000088f00000, 0x0000000089000000|  0%| F|  |TAMS 0x0000000088f00000, 0x0000000088f00000| Untracked 
| 112|0x0000000089000000, 0x0000000089000000, 0x0000000089100000|  0%| F|  |TAMS 0x0000000089000000, 0x0000000089000000| Untracked 
| 113|0x0000000089100000, 0x0000000089100000, 0x0000000089200000|  0%| F|  |TAMS 0x0000000089100000, 0x0000000089100000| Untracked 
| 114|0x0000000089200000, 0x0000000089200000, 0x0000000089300000|  0%| F|  |TAMS 0x0000000089200000, 0x0000000089200000| Untracked 
| 115|0x0000000089300000, 0x0000000089300000, 0x0000000089400000|  0%| F|  |TAMS 0x0000000089300000, 0x0000000089300000| Untracked 
| 116|0x0000000089400000, 0x0000000089400000, 0x0000000089500000|  0%| F|  |TAMS 0x0000000089400000, 0x0000000089400000| Untracked 
| 117|0x0000000089500000, 0x0000000089500000, 0x0000000089600000|  0%| F|  |TAMS 0x0000000089500000, 0x0000000089500000| Untracked 
| 118|0x0000000089600000, 0x0000000089600000, 0x0000000089700000|  0%| F|  |TAMS 0x0000000089600000, 0x0000000089600000| Untracked 
| 119|0x0000000089700000, 0x0000000089700000, 0x0000000089800000|  0%| F|  |TAMS 0x0000000089700000, 0x0000000089700000| Untracked 
| 120|0x0000000089800000, 0x0000000089800000, 0x0000000089900000|  0%| F|  |TAMS 0x0000000089800000, 0x0000000089800000| Untracked 
| 121|0x0000000089900000, 0x0000000089a00000, 0x0000000089a00000|100%| E|  |TAMS 0x0000000089900000, 0x0000000089900000| Complete 
| 122|0x0000000089a00000, 0x0000000089b00000, 0x0000000089b00000|100%| E|CS|TAMS 0x0000000089a00000, 0x0000000089a00000| Complete 
| 123|0x0000000089b00000, 0x0000000089c00000, 0x0000000089c00000|100%| E|CS|TAMS 0x0000000089b00000, 0x0000000089b00000| Complete 
| 124|0x0000000089c00000, 0x0000000089d00000, 0x0000000089d00000|100%| E|CS|TAMS 0x0000000089c00000, 0x0000000089c00000| Complete 
| 125|0x0000000089d00000, 0x0000000089e00000, 0x0000000089e00000|100%| E|CS|TAMS 0x0000000089d00000, 0x0000000089d00000| Complete 

Card table byte_map: [0x0000000015d50000,0x0000000016140000] _byte_map_base: 0x0000000015940000

Marking Bits (Prev, Next): (CMBitMap*) 0x000000000039ebb8, (CMBitMap*) 0x000000000039ebf8
 Prev Bits: [0x0000000016530000, 0x00000000184b0000)
 Next Bits: [0x00000000184b0000, 0x000000001a430000)

Polling page: 0x0000000000120000

Metaspace:

Usage:
  Non-class:      8.13 MB capacity,     8.03 MB ( 99%) used,    98.03 KB (  1%) free+waste,     6.88 KB ( <1%) overhead. 
      Class:    836.00 KB capacity,   800.59 KB ( 96%) used,    32.79 KB (  4%) free+waste,     2.63 KB ( <1%) overhead. 
       Both:      8.95 MB capacity,     8.81 MB ( 98%) used,   130.82 KB (  1%) free+waste,     9.50 KB ( <1%) overhead. 

Virtual space:
  Non-class space:       10.00 MB reserved,       8.25 MB ( 83%) committed 
      Class space:        1.00 GB reserved,     896.00 KB ( <1%) committed 
             Both:        1.01 GB reserved,       9.13 MB ( <1%) committed 

Chunk freelists:
   Non-Class:  60.00 KB
       Class:  28.00 KB
        Both:  88.00 KB

MaxMetaspaceSize: 17179869184.00 GB
CompressedClassSpaceSize: 1.00 GB

CodeHeap 'non-profiled nmethods': size=120000Kb used=116Kb max_used=116Kb free=119883Kb
 bounds [0x000000000df00000, 0x000000000e170000, 0x0000000015430000]
CodeHeap 'profiled nmethods': size=120000Kb used=499Kb max_used=499Kb free=119500Kb
 bounds [0x00000000069d0000, 0x0000000006c40000, 0x000000000df00000]
CodeHeap 'non-nmethods': size=5760Kb used=1225Kb max_used=1242Kb free=4534Kb
 bounds [0x0000000006430000, 0x00000000066a0000, 0x00000000069d0000]
 total_blobs=752 nmethods=364 adapters=301
 compilation: enabled
              stopped_count=0, restarted_count=0
 full_count=0

Compilation events (20 events):
Event: 0.387 Thread 0x000000005daaf800 nmethod 356 0x000000000df1b690 code [0x000000000df1b820, 0x000000000df1b8d8]
Event: 0.387 Thread 0x000000005daaf800  353       1       java.util.jar.Attributes$Name::hashCode (5 bytes)
Event: 0.387 Thread 0x000000005daaf800 nmethod 353 0x000000000df1b990 code [0x000000000df1bb20, 0x000000000df1bbd8]
Event: 0.387 Thread 0x000000005daaf800  357       1       java.security.Provider$Service::getProvider (5 bytes)
Event: 0.387 Thread 0x000000005daaf800 nmethod 357 0x000000000df1bc90 code [0x000000000df1be20, 0x000000000df1bed8]
Event: 0.388 Thread 0x000000005daaf800  358       3       java.util.ArrayList::get (15 bytes)
Event: 0.388 Thread 0x000000005daaf800 nmethod 358 0x0000000006a49310 code [0x0000000006a49520, 0x0000000006a49c88]
Event: 0.388 Thread 0x000000005daaf800  359       3       java.util.ArrayList::elementData (7 bytes)
Event: 0.388 Thread 0x000000005daaf800 nmethod 359 0x0000000006a49f90 code [0x0000000006a4a120, 0x0000000006a4a258]
Event: 0.388 Thread 0x000000005daaf800  360   !   3       java.security.cert.Certificate::equals (38 bytes)
Event: 0.389 Thread 0x000000005daaf800 nmethod 360 0x0000000006a4a310 code [0x0000000006a4a580, 0x0000000006a4b248]
Event: 0.389 Thread 0x000000005daaf800  361       3       sun.security.x509.X509CertImpl::getEncodedInternal (20 bytes)
Event: 0.389 Thread 0x000000005daaf800 nmethod 361 0x0000000006a4b710 code [0x0000000006a4b900, 0x0000000006a4bdf8]
Event: 0.389 Thread 0x000000005daaf800  362       3       java.lang.String::replace (42 bytes)
Event: 0.389 Thread 0x000000005daaf800 nmethod 362 0x0000000006a4bf90 code [0x0000000006a4c160, 0x0000000006a4c498]
Event: 0.390 Thread 0x000000005daaf800  363       3       java.lang.Character::toLowerCase (9 bytes)
Event: 0.390 Thread 0x000000005daaf800 nmethod 363 0x0000000006a4c590 code [0x0000000006a4c740, 0x0000000006a4c918]
Event: 0.391 Thread 0x000000005daae000 nmethod 347 0x000000000df1bf90 code [0x000000000df1c1a0, 0x000000000df1ce98]
Event: 15.150 Thread 0x000000005daaf800  364       3       org.eclipse.jdt.launching.internal.org.objectweb.asm.ClassReader::readUnsignedShort (26 bytes)
Event: 15.150 Thread 0x000000005daaf800 nmethod 364 0x0000000006a4ca10 code [0x0000000006a4cba0, 0x0000000006a4ccf8]

GC Heap History (0 events):
No events

Deoptimization events (20 events):
Event: 0.378 Thread 0x0000000000358800 DEOPT PACKING pc=0x0000000006a3c561 sp=0x00000000021f7c70
Event: 0.378 Thread 0x0000000000358800 DEOPT UNPACKING pc=0x000000000647964e sp=0x00000000021f7138 mode 0
Event: 0.379 Thread 0x0000000000358800 DEOPT PACKING pc=0x0000000006a3c561 sp=0x00000000021f7c70
Event: 0.379 Thread 0x0000000000358800 DEOPT UNPACKING pc=0x000000000647964e sp=0x00000000021f7138 mode 0
Event: 0.381 Thread 0x0000000000358800 DEOPT PACKING pc=0x0000000006a3c561 sp=0x00000000021fb750
Event: 0.381 Thread 0x0000000000358800 DEOPT UNPACKING pc=0x000000000647964e sp=0x00000000021fac18 mode 0
Event: 0.382 Thread 0x0000000000358800 DEOPT PACKING pc=0x0000000006a3c561 sp=0x00000000021fb750
Event: 0.382 Thread 0x0000000000358800 DEOPT UNPACKING pc=0x000000000647964e sp=0x00000000021fac18 mode 0
Event: 0.382 Thread 0x0000000000358800 DEOPT PACKING pc=0x0000000006a3c561 sp=0x00000000021fb750
Event: 0.382 Thread 0x0000000000358800 DEOPT UNPACKING pc=0x000000000647964e sp=0x00000000021fac18 mode 0
Event: 0.383 Thread 0x0000000000358800 DEOPT PACKING pc=0x0000000006a3c561 sp=0x00000000021f7bf0
Event: 0.383 Thread 0x0000000000358800 DEOPT UNPACKING pc=0x000000000647964e sp=0x00000000021f70b8 mode 0
Event: 0.389 Thread 0x0000000000358800 DEOPT PACKING pc=0x0000000006a3c561 sp=0x00000000021f7860
Event: 0.389 Thread 0x0000000000358800 DEOPT UNPACKING pc=0x000000000647964e sp=0x00000000021f6d28 mode 0
Event: 0.390 Thread 0x0000000000358800 DEOPT PACKING pc=0x0000000006a3c561 sp=0x00000000021f7860
Event: 0.390 Thread 0x0000000000358800 DEOPT UNPACKING pc=0x000000000647964e sp=0x00000000021f6d28 mode 0
Event: 0.390 Thread 0x0000000000358800 DEOPT PACKING pc=0x0000000006a3c561 sp=0x00000000021f7860
Event: 0.390 Thread 0x0000000000358800 DEOPT UNPACKING pc=0x000000000647964e sp=0x00000000021f6d28 mode 0
Event: 0.390 Thread 0x0000000000358800 DEOPT PACKING pc=0x0000000006a3c561 sp=0x00000000021f7860
Event: 0.391 Thread 0x0000000000358800 DEOPT UNPACKING pc=0x000000000647964e sp=0x00000000021f6d28 mode 0

Classes unloaded (0 events):
No events

Classes redefined (2 events):
Event: 3.172 Thread 0x000000005da40000 redefined class name=classPM_self.Ex01, count=1
Event: 15.151 Thread 0x000000005da40000 redefined class name=classPM_self.Ex01, count=2

Internal exceptions (0 events):
No events

Events (20 events):
Event: 5.127 Executing VM operation: GetCurrentContendedMonitor
Event: 5.127 Executing VM operation: GetCurrentContendedMonitor done
Event: 5.128 Executing VM operation: GetOwnedMonitorInfo
Event: 5.128 Executing VM operation: GetOwnedMonitorInfo done
Event: 5.390 Thread 0x000000005ead9000 Thread exited: 0x000000005ead9000
Event: 15.150 Executing VM operation: RedefineClasses
Event: 15.151 Executing VM operation: RedefineClasses done
Event: 15.152 Executing VM operation: GetFrameCount
Event: 15.152 Executing VM operation: GetFrameCount done
Event: 15.152 Executing VM operation: GetStackTrace
Event: 15.152 Executing VM operation: GetStackTrace done
Event: 15.617 Executing VM operation: GetCurrentContendedMonitor
Event: 15.617 Executing VM operation: GetCurrentContendedMonitor done
Event: 15.618 Executing VM operation: GetOwnedMonitorInfo
Event: 15.618 Executing VM operation: GetOwnedMonitorInfo done
Event: 24.257 Executing VM operation: ChangeBreakpoints
Event: 24.258 Executing VM operation: ChangeBreakpoints done
Event: 24.965 Executing VM operation: ChangeBreakpoints
Event: 24.965 Executing VM operation: ChangeBreakpoints done
Event: 288.835 Executing VM operation: RedefineClasses


Dynamic libraries:
0x000000013f2b0000 - 0x000000013f2bd000 	C:\Users\user1\.p2\pool\plugins\org.eclipse.justj.openjdk.hotspot.jre.full.win32.x86_64_14.0.2.v20200815-0932\jre\bin\javaw.exe
0x0000000077050000 - 0x00000000771ef000 	C:\Windows\SYSTEM32\ntdll.dll
0x0000000076e30000 - 0x0000000076f4f000 	C:\Windows\system32\kernel32.dll
0x000007fefcee0000 - 0x000007fefcf47000 	C:\Windows\system32\KERNELBASE.dll
0x000007fefa180000 - 0x000007fefa198000 	C:\Users\user1\.p2\pool\plugins\org.eclipse.justj.openjdk.hotspot.jre.full.win32.x86_64_14.0.2.v20200815-0932\jre\bin\jli.dll
0x000007fefb230000 - 0x000007fefb425000 	C:\Windows\WinSxS\amd64_microsoft.windows.common-controls_6595b64144ccf1df_6.0.7601.24483_none_e372d88f30fbb845\COMCTL32.dll
0x000007fefe9e0000 - 0x000007fefea7f000 	C:\Windows\system32\msvcrt.dll
0x000007fefd1b0000 - 0x000007fefd217000 	C:\Windows\system32\GDI32.dll
0x0000000076f50000 - 0x000000007704a000 	C:\Windows\system32\USER32.dll
0x000007fefd450000 - 0x000007fefd45e000 	C:\Windows\system32\LPK.dll
0x000007feff270000 - 0x000007feff33b000 	C:\Windows\system32\USP10.dll
0x000007fefd500000 - 0x000007fefd571000 	C:\Windows\system32\SHLWAPI.dll
0x000007fef1f40000 - 0x000007fef1f55000 	C:\Users\user1\.p2\pool\plugins\org.eclipse.justj.openjdk.hotspot.jre.full.win32.x86_64_14.0.2.v20200815-0932\jre\bin\VCRUNTIME140.dll
0x000007fefa930000 - 0x000007fefa934000 	C:\Users\user1\.p2\pool\plugins\org.eclipse.justj.openjdk.hotspot.jre.full.win32.x86_64_14.0.2.v20200815-0932\jre\bin\api-ms-win-crt-runtime-l1-1-0.dll
0x000007fef05a0000 - 0x000007fef069c000 	C:\Users\user1\.p2\pool\plugins\org.eclipse.justj.openjdk.hotspot.jre.full.win32.x86_64_14.0.2.v20200815-0932\jre\bin\ucrtbase.DLL
0x000007fef1d90000 - 0x000007fef1d93000 	C:\Users\user1\.p2\pool\plugins\org.eclipse.justj.openjdk.hotspot.jre.full.win32.x86_64_14.0.2.v20200815-0932\jre\bin\api-ms-win-core-localization-l1-2-0.dll
0x000007fef1d80000 - 0x000007fef1d83000 	C:\Users\user1\.p2\pool\plugins\org.eclipse.justj.openjdk.hotspot.jre.full.win32.x86_64_14.0.2.v20200815-0932\jre\bin\api-ms-win-core-processthreads-l1-1-1.dll
0x000007fef0cd0000 - 0x000007fef0cd3000 	C:\Users\user1\.p2\pool\plugins\org.eclipse.justj.openjdk.hotspot.jre.full.win32.x86_64_14.0.2.v20200815-0932\jre\bin\api-ms-win-core-file-l1-2-0.dll
0x000007fef1b10000 - 0x000007fef1b13000 	C:\Users\user1\.p2\pool\plugins\org.eclipse.justj.openjdk.hotspot.jre.full.win32.x86_64_14.0.2.v20200815-0932\jre\bin\api-ms-win-core-timezone-l1-1-0.dll
0x000007fef09e0000 - 0x000007fef09e3000 	C:\Users\user1\.p2\pool\plugins\org.eclipse.justj.openjdk.hotspot.jre.full.win32.x86_64_14.0.2.v20200815-0932\jre\bin\api-ms-win-core-file-l2-1-0.dll
0x000007fef0c40000 - 0x000007fef0c43000 	C:\Users\user1\.p2\pool\plugins\org.eclipse.justj.openjdk.hotspot.jre.full.win32.x86_64_14.0.2.v20200815-0932\jre\bin\api-ms-win-core-synch-l1-2-0.dll
0x000007fef0590000 - 0x000007fef0593000 	C:\Users\user1\.p2\pool\plugins\org.eclipse.justj.openjdk.hotspot.jre.full.win32.x86_64_14.0.2.v20200815-0932\jre\bin\api-ms-win-crt-heap-l1-1-0.dll
0x000007fef09d0000 - 0x000007fef09d4000 	C:\Users\user1\.p2\pool\plugins\org.eclipse.justj.openjdk.hotspot.jre.full.win32.x86_64_14.0.2.v20200815-0932\jre\bin\api-ms-win-crt-string-l1-1-0.dll
0x000007fef0580000 - 0x000007fef0584000 	C:\Users\user1\.p2\pool\plugins\org.eclipse.justj.openjdk.hotspot.jre.full.win32.x86_64_14.0.2.v20200815-0932\jre\bin\api-ms-win-crt-stdio-l1-1-0.dll
0x000007fef0570000 - 0x000007fef0574000 	C:\Users\user1\.p2\pool\plugins\org.eclipse.justj.openjdk.hotspot.jre.full.win32.x86_64_14.0.2.v20200815-0932\jre\bin\api-ms-win-crt-convert-l1-1-0.dll
0x000007fef0560000 - 0x000007fef0563000 	C:\Users\user1\.p2\pool\plugins\org.eclipse.justj.openjdk.hotspot.jre.full.win32.x86_64_14.0.2.v20200815-0932\jre\bin\api-ms-win-crt-environment-l1-1-0.dll
0x000007fef0550000 - 0x000007fef0553000 	C:\Users\user1\.p2\pool\plugins\org.eclipse.justj.openjdk.hotspot.jre.full.win32.x86_64_14.0.2.v20200815-0932\jre\bin\api-ms-win-crt-filesystem-l1-1-0.dll
0x000007fef0540000 - 0x000007fef0545000 	C:\Users\user1\.p2\pool\plugins\org.eclipse.justj.openjdk.hotspot.jre.full.win32.x86_64_14.0.2.v20200815-0932\jre\bin\api-ms-win-crt-math-l1-1-0.dll
0x000007fef0530000 - 0x000007fef0533000 	C:\Users\user1\.p2\pool\plugins\org.eclipse.justj.openjdk.hotspot.jre.full.win32.x86_64_14.0.2.v20200815-0932\jre\bin\api-ms-win-crt-locale-l1-1-0.dll
0x000007fefed50000 - 0x000007fefed7e000 	C:\Windows\system32\IMM32.DLL
0x000007fefd0a0000 - 0x000007fefd1ab000 	C:\Windows\system32\MSCTF.dll
0x000007fee2290000 - 0x000007fee232b000 	C:\Users\user1\.p2\pool\plugins\org.eclipse.justj.openjdk.hotspot.jre.full.win32.x86_64_14.0.2.v20200815-0932\jre\bin\msvcp140.dll
0x000007fef0520000 - 0x000007fef0523000 	C:\Users\user1\.p2\pool\plugins\org.eclipse.justj.openjdk.hotspot.jre.full.win32.x86_64_14.0.2.v20200815-0932\jre\bin\api-ms-win-crt-time-l1-1-0.dll
0x000007fef0510000 - 0x000007fef0513000 	C:\Users\user1\.p2\pool\plugins\org.eclipse.justj.openjdk.hotspot.jre.full.win32.x86_64_14.0.2.v20200815-0932\jre\bin\api-ms-win-crt-utility-l1-1-0.dll
0x000007fedddb0000 - 0x000007fede8ce000 	C:\Users\user1\.p2\pool\plugins\org.eclipse.justj.openjdk.hotspot.jre.full.win32.x86_64_14.0.2.v20200815-0932\jre\bin\server\jvm.dll
0x000007fefcf60000 - 0x000007fefd03b000 	C:\Windows\system32\ADVAPI32.dll
0x000007fefd4e0000 - 0x000007fefd4ff000 	C:\Windows\SYSTEM32\sechost.dll
0x000007fefd580000 - 0x000007fefd6ac000 	C:\Windows\system32\RPCRT4.dll
0x000007feef7b0000 - 0x000007feef7b9000 	C:\Windows\system32\WSOCK32.dll
0x000007fefea80000 - 0x000007fefeacd000 	C:\Windows\system32\WS2_32.dll
0x000007fefe9d0000 - 0x000007fefe9d8000 	C:\Windows\system32\NSI.dll
0x000007fefa750000 - 0x000007fefa78b000 	C:\Windows\system32\WINMM.dll
0x000007fefbc80000 - 0x000007fefbc8c000 	C:\Windows\system32\VERSION.dll
0x00000000771f0000 - 0x00000000771f7000 	C:\Windows\system32\PSAPI.DLL
0x000007fef1e20000 - 0x000007fef1e2a000 	C:\Users\user1\.p2\pool\plugins\org.eclipse.justj.openjdk.hotspot.jre.full.win32.x86_64_14.0.2.v20200815-0932\jre\bin\jimage.dll
0x000007fee2780000 - 0x000007fee28a5000 	C:\Windows\system32\DBGHELP.DLL
0x000007feedb40000 - 0x000007feedb78000 	C:\Users\user1\.p2\pool\plugins\org.eclipse.justj.openjdk.hotspot.jre.full.win32.x86_64_14.0.2.v20200815-0932\jre\bin\jdwp.dll
0x000007fef0d30000 - 0x000007fef0d55000 	C:\Users\user1\.p2\pool\plugins\org.eclipse.justj.openjdk.hotspot.jre.full.win32.x86_64_14.0.2.v20200815-0932\jre\bin\java.dll
0x000007fef0500000 - 0x000007fef050e000 	C:\Users\user1\.p2\pool\plugins\org.eclipse.justj.openjdk.hotspot.jre.full.win32.x86_64_14.0.2.v20200815-0932\jre\bin\instrument.dll
0x000007fef1d60000 - 0x000007fef1d76000 	C:\Users\user1\.p2\pool\plugins\org.eclipse.justj.openjdk.hotspot.jre.full.win32.x86_64_14.0.2.v20200815-0932\jre\bin\zip.dll
0x000007fefdc40000 - 0x000007fefe9cb000 	C:\Windows\system32\SHELL32.dll
0x000007fefed80000 - 0x000007fefef7f000 	C:\Windows\system32\ole32.dll
0x000007fefcba0000 - 0x000007fefcbaf000 	C:\Windows\system32\profapi.dll
0x000007fef04c0000 - 0x000007fef04cb000 	C:\Users\user1\.p2\pool\plugins\org.eclipse.justj.openjdk.hotspot.jre.full.win32.x86_64_14.0.2.v20200815-0932\jre\bin\dt_socket.dll
0x000007fefa0d0000 - 0x000007fefa0f7000 	C:\Windows\system32\IPHLPAPI.DLL
0x000007fefa0c0000 - 0x000007fefa0cb000 	C:\Windows\system32\WINNSI.DLL
0x000007fefc2e0000 - 0x000007fefc335000 	C:\Windows\system32\mswsock.dll
0x000007fefbd50000 - 0x000007fefbd57000 	C:\Windows\System32\wshtcpip.dll
0x000007fefc2d0000 - 0x000007fefc2d7000 	C:\Windows\System32\wship6.dll
0x000007fefc160000 - 0x000007fefc1bb000 	C:\Windows\system32\DNSAPI.dll
0x000007fef85c0000 - 0x000007fef85c8000 	C:\Windows\system32\rasadhlp.dll
0x000007fef9d70000 - 0x000007fef9dc3000 	C:\Windows\System32\fwpuclnt.dll
0x000007fef1d40000 - 0x000007fef1d59000 	C:\Users\user1\.p2\pool\plugins\org.eclipse.justj.openjdk.hotspot.jre.full.win32.x86_64_14.0.2.v20200815-0932\jre\bin\net.dll
0x000007fef92d0000 - 0x000007fef9341000 	C:\Windows\system32\WINHTTP.dll
0x000007fef9260000 - 0x000007fef92c5000 	C:\Windows\system32\webio.dll
0x000007fef0d10000 - 0x000007fef0d22000 	C:\Users\user1\.p2\pool\plugins\org.eclipse.justj.openjdk.hotspot.jre.full.win32.x86_64_14.0.2.v20200815-0932\jre\bin\nio.dll
0x000007fef1e30000 - 0x000007fef1e40000 	C:\Users\user1\.p2\pool\plugins\org.eclipse.justj.openjdk.hotspot.jre.full.win32.x86_64_14.0.2.v20200815-0932\jre\bin\verify.dll

dbghelp: loaded successfully - version: 4.0.5 - missing functions: none
symbol engine: initialized successfully - sym options: 0x614 - pdb path: .;C:\Users\user1\.p2\pool\plugins\org.eclipse.justj.openjdk.hotspot.jre.full.win32.x86_64_14.0.2.v20200815-0932\jre\bin;C:\Windows\SYSTEM32;C:\Windows\WinSxS\amd64_microsoft.windows.common-controls_6595b64144ccf1df_6.0.7601.24483_none_e372d88f30fbb845;C:\Users\user1\.p2\pool\plugins\org.eclipse.justj.openjdk.hotspot.jre.full.win32.x86_64_14.0.2.v20200815-0932\jre\bin\server

VM Arguments:
jvm_args: -XX:+ShowCodeDetailsInExceptionMessages -agentlib:jdwp=transport=dt_socket,suspend=y,address=localhost:51848 -javaagent:C:\Users\user1\eclipse\java-2020-09\eclipse\configuration\org.eclipse.osgi\215\0\.cp\lib\javaagent-shaded.jar -Dfile.encoding=MS949 
java_command: classPM_self.Ex01
java_class_path (initial): D:\Project1020\bin
Launcher Type: SUN_STANDARD

[Global flags]
     intx CICompilerCount                          = 3                                         {product} {ergonomic}
     uint ConcGCThreads                            = 1                                         {product} {ergonomic}
     uint G1ConcRefinementThreads                  = 4                                         {product} {ergonomic}
   size_t G1HeapRegionSize                         = 1048576                                   {product} {ergonomic}
    uintx GCDrainStackTargetSize                   = 64                                        {product} {ergonomic}
   size_t InitialHeapSize                          = 132120576                                 {product} {ergonomic}
   size_t MarkStackSize                            = 4194304                                   {product} {ergonomic}
   size_t MaxHeapSize                              = 2113929216                                {product} {ergonomic}
   size_t MaxNewSize                               = 1267728384                                {product} {ergonomic}
   size_t MinHeapDeltaBytes                        = 1048576                                   {product} {ergonomic}
   size_t MinHeapSize                              = 8388608                                   {product} {ergonomic}
    uintx NonNMethodCodeHeapSize                   = 5832780                                {pd product} {ergonomic}
    uintx NonProfiledCodeHeapSize                  = 122912730                              {pd product} {ergonomic}
    uintx ProfiledCodeHeapSize                     = 122912730                              {pd product} {ergonomic}
    uintx ReservedCodeCacheSize                    = 251658240                              {pd product} {ergonomic}
     bool SegmentedCodeCache                       = true                                      {product} {ergonomic}
     bool ShowCodeDetailsInExceptionMessages       = true                                   {manageable} {command line}
   size_t SoftMaxHeapSize                          = 2113929216                             {manageable} {ergonomic}
     bool UseCompressedClassPointers               = true                                 {lp64_product} {ergonomic}
     bool UseCompressedOops                        = true                                 {lp64_product} {ergonomic}
     bool UseG1GC                                  = true                                      {product} {ergonomic}
     bool UseLargePagesIndividualAllocation        = false                                  {pd product} {ergonomic}

Logging:
Log output configuration:
 #0: stdout all=warning uptime,level,tags
 #1: stderr all=off uptime,level,tags

Environment Variables:
PATH=C:\Users\user1\.p2\pool\plugins\org.eclipse.justj.openjdk.hotspot.jre.full.win32.x86_64_14.0.2.v20200815-0932\jre\bin;C:/Users/user1/.p2/pool/plugins/org.eclipse.justj.openjdk.hotspot.jre.full.win32.x86_64_14.0.2.v20200815-0932/jre/bin/server;C:/Users/user1/.p2/pool/plugins/org.eclipse.justj.openjdk.hotspot.jre.full.win32.x86_64_14.0.2.v20200815-0932/jre/bin;C:\Program Files\AdoptOpenJDK\jdk-11.0.8.10-hotspot\bin;C:\Windows\system32;C:\Windows;C:\Windows\System32\Wbem;C:\Windows\System32\WindowsPowerShell\v1.0\;C:\Program Files\Bandizip\;C:\Users\user1\eclipse\java-2020-09\eclipse;
USERNAME=user1
OS=Windows_NT
PROCESSOR_IDENTIFIER=Intel64 Family 6 Model 60 Stepping 3, GenuineIntel



---------------  S Y S T E M  ---------------

OS: Windows 7 , 64 bit Build 7601 (6.1.7601.24545)
OS uptime: 0 days 7:24 hours

CPU:total 4 (initial active 4) (2 cores per cpu, 2 threads per core) family 6 model 60 stepping 3, cmov, cx8, fxsr, mmx, sse, sse2, sse3, ssse3, sse4.1, sse4.2, popcnt, avx, avx2, aes, clmul, erms, lzcnt, ht, tsc, tscinvbit, bmi1, bmi2, fma

Memory: 4k page, system-wide physical 8062M (4531M free)
TotalPageFile size 16124M (AvailPageFile size 12080M)
current process WorkingSet (physical memory assigned to process): 46M, peak: 49M
current process commit charge ("private bytes"): 207M, peak: 210M

vm_info: OpenJDK 64-Bit Server VM (14.0.2+12-46) for windows-amd64 JRE (14.0.2+12-46), built on Jul  9 2020 00:31:16 by "mach5one" with MS VC++ 15.9 (VS2017)

END.
